2025.06.02 22:30:33 INFO  Started: Metals version 1.5.3 in folders '/Users/romanbatut/Desktop/EPFL/BA6/CLP/Labs/group21-cs320/lab06' for client Visual Studio Code 1.100.2.
Jun 02, 2025 10:30:35 PM org.eclipse.lsp4j.jsonrpc.services.GenericEndpoint notify
INFO: Unsupported notification method: $/setTrace
Jun 02, 2025 10:44:23 PM org.eclipse.lsp4j.jsonrpc.services.GenericEndpoint notify
INFO: Unsupported notification method: $/setTrace
2025.06.02 22:52:54 INFO  no build target found for /Users/romanbatut/Desktop/EPFL/BA6/CLP/Labs/group21-cs320/lab06/src/amyc/lsp/TextDocumentService.scala. Using presentation compiler with project's scala-library version: 3.3.6
2025.06.02 22:52:54 WARN  no build target for: /Users/romanbatut/Desktop/EPFL/BA6/CLP/Labs/group21-cs320/lab06/src/amyc/lsp/TextDocumentService.scala
2025.06.02 22:52:54 INFO  no build target found for /Users/romanbatut/Desktop/EPFL/BA6/CLP/Labs/group21-cs320/lab06/src/amyc/lsp/TextDocumentService.scala. Using presentation compiler with project's scala-library version: 3.3.6
2025.06.02 22:52:54 INFO  no build target found for /Users/romanbatut/Desktop/EPFL/BA6/CLP/Labs/group21-cs320/lab06/src/amyc/lsp/TextDocumentService.scala. Using presentation compiler with project's scala-library version: 3.3.6
2025.06.02 22:52:54 INFO  no build target found for /Users/romanbatut/Desktop/EPFL/BA6/CLP/Labs/group21-cs320/lab06/src/amyc/lsp/TextDocumentService.scala. Using presentation compiler with project's scala-library version: 3.3.6
2025.06.02 22:52:55 INFO  no build target found for /Users/romanbatut/Desktop/EPFL/BA6/CLP/Labs/group21-cs320/lab06/src/amyc/lsp/TextDocumentService.scala. Using presentation compiler with project's scala-library version: 3.3.6
2025.06.02 22:53:04 INFO  no build target found for /Users/romanbatut/Desktop/EPFL/BA6/CLP/Labs/group21-cs320/lab06/src/amyc/lsp/Text Document Service.scala. Using presentation compiler with project's scala-library version: 3.3.6
2025.06.02 22:53:04 WARN  no build target for: /Users/romanbatut/Desktop/EPFL/BA6/CLP/Labs/group21-cs320/lab06/src/amyc/lsp/Text Document Service.scala
2025.06.02 22:53:04 INFO  no build target found for /Users/romanbatut/Desktop/EPFL/BA6/CLP/Labs/group21-cs320/lab06/src/amyc/lsp/Text Document Service.scala. Using presentation compiler with project's scala-library version: 3.3.6
2025.06.02 22:53:04 INFO  no build target found for /Users/romanbatut/Desktop/EPFL/BA6/CLP/Labs/group21-cs320/lab06/src/amyc/lsp/Text Document Service.scala. Using presentation compiler with project's scala-library version: 3.3.6
2025.06.02 22:53:04 INFO  no build target found for /Users/romanbatut/Desktop/EPFL/BA6/CLP/Labs/group21-cs320/lab06/src/amyc/lsp/Text Document Service.scala. Using presentation compiler with project's scala-library version: 3.3.6
2025.06.02 22:53:04 INFO  no build target found for /Users/romanbatut/Desktop/EPFL/BA6/CLP/Labs/group21-cs320/lab06/src/amyc/lsp/Text Document Service.scala. Using presentation compiler with project's scala-library version: 3.3.6
2025.06.02 22:53:06 WARN  no build target for: /Users/romanbatut/Desktop/EPFL/BA6/CLP/Labs/group21-cs320/lab06/src/amyc/lsp/TextDocumentService.scala
2025.06.02 22:53:06 INFO  no build target found for /Users/romanbatut/Desktop/EPFL/BA6/CLP/Labs/group21-cs320/lab06/src/amyc/lsp/TextDocumentService.scala. Using presentation compiler with project's scala-library version: 3.3.6
2025.06.02 22:53:06 INFO  no build target found for /Users/romanbatut/Desktop/EPFL/BA6/CLP/Labs/group21-cs320/lab06/src/amyc/lsp/TextDocumentService.scala. Using presentation compiler with project's scala-library version: 3.3.6
2025.06.02 22:53:09 WARN  no build target for: /Users/romanbatut/Desktop/EPFL/BA6/CLP/Labs/group21-cs320/lab06/src/amyc/lsp/Text Document Service.scala
2025.06.02 22:53:09 INFO  no build target found for /Users/romanbatut/Desktop/EPFL/BA6/CLP/Labs/group21-cs320/lab06/src/amyc/lsp/Text Document Service.scala. Using presentation compiler with project's scala-library version: 3.3.6
2025.06.02 22:53:09 INFO  no build target found for /Users/romanbatut/Desktop/EPFL/BA6/CLP/Labs/group21-cs320/lab06/src/amyc/lsp/Text Document Service.scala. Using presentation compiler with project's scala-library version: 3.3.6
2025.06.02 22:53:09 INFO  no build target found for /Users/romanbatut/Desktop/EPFL/BA6/CLP/Labs/group21-cs320/lab06/src/amyc/lsp/Text Document Service.scala. Using presentation compiler with project's scala-library version: 3.3.6
2025.06.02 22:53:10 INFO  no build target found for /Users/romanbatut/Desktop/EPFL/BA6/CLP/Labs/group21-cs320/lab06/src/amyc/lsp/Text Document Service.scala. Using presentation compiler with project's scala-library version: 3.3.6
2025.06.02 22:53:10 INFO  no build target found for /Users/romanbatut/Desktop/EPFL/BA6/CLP/Labs/group21-cs320/lab06/src/amyc/lsp/Text Document Service.scala. Using presentation compiler with project's scala-library version: 3.3.6
2025.06.02 22:53:11 INFO  no build target found for /Users/romanbatut/Desktop/EPFL/BA6/CLP/Labs/group21-cs320/lab06/src/amyc/lsp/Text Document Service.scala. Using presentation compiler with project's scala-library version: 3.3.6
Jun 02, 2025 10:53:11 PM scala.meta.internal.metals.StdReporter $anonfun$create$1
WARNING: empty definition using pc, found symbol in pc: `<none>`. (full report at: /Users/romanbatut/Desktop/EPFL/BA6/CLP/Labs/group21-cs320/lab06/.metals/.reports/metals-full/2025-06-02/r_empty-definition_22-53-11-204.md)
2025.06.02 22:53:10 INFO  no build target found for /Users/romanbatut/Desktop/EPFL/BA6/CLP/Labs/group21-cs320/lab06/src/amyc/lsp/Text Document Service.scala. Using presentation compiler with project's scala-library version: 3.3.6
2025.06.02 22:53:12 WARN  no build target for: /Users/romanbatut/Desktop/EPFL/BA6/CLP/Labs/group21-cs320/lab06/src/amyc/lsp/TextDocumentService.scala
2025.06.02 22:53:12 INFO  no build target found for /Users/romanbatut/Desktop/EPFL/BA6/CLP/Labs/group21-cs320/lab06/src/amyc/lsp/TextDocumentService.scala. Using presentation compiler with project's scala-library version: 3.3.6
2025.06.02 22:53:12 INFO  no build target found for /Users/romanbatut/Desktop/EPFL/BA6/CLP/Labs/group21-cs320/lab06/src/amyc/lsp/TextDocumentService.scala. Using presentation compiler with project's scala-library version: 3.3.6
2025.06.02 22:53:12 INFO  no build target found for /Users/romanbatut/Desktop/EPFL/BA6/CLP/Labs/group21-cs320/lab06/src/amyc/lsp/TextDocumentService.scala. Using presentation compiler with project's scala-library version: 3.3.6
2025.06.02 22:53:13 INFO  no build target found for /Users/romanbatut/Desktop/EPFL/BA6/CLP/Labs/group21-cs320/lab06/src/amyc/lsp/TextDocumentService.scala. Using presentation compiler with project's scala-library version: 3.3.6
2025.06.02 22:53:12 INFO  no build target found for /Users/romanbatut/Desktop/EPFL/BA6/CLP/Labs/group21-cs320/lab06/src/amyc/lsp/TextDocumentService.scala. Using presentation compiler with project's scala-library version: 3.3.6
Jun 02, 2025 10:53:13 PM scala.meta.internal.metals.StdReporter $anonfun$create$1
WARNING: empty definition using pc, found symbol in pc: `<none>`. (full report at: /Users/romanbatut/Desktop/EPFL/BA6/CLP/Labs/group21-cs320/lab06/.metals/.reports/metals-full/2025-06-02/r_empty-definition_22-53-13-169.md)
2025.06.02 22:53:13 INFO  no build target found for /Users/romanbatut/Desktop/EPFL/BA6/CLP/Labs/group21-cs320/lab06/src/amyc/lsp/TextDocumentService.scala. Using presentation compiler with project's scala-library version: 3.3.6
2025.06.02 22:53:13 INFO  no build target found for /Users/romanbatut/Desktop/EPFL/BA6/CLP/Labs/group21-cs320/lab06/src/amyc/lsp/TextDocumentService.scala. Using presentation compiler with project's scala-library version: 3.3.6
2025.06.02 22:53:13 INFO  no build target found for /Users/romanbatut/Desktop/EPFL/BA6/CLP/Labs/group21-cs320/lab06/src/amyc/lsp/TextDocumentService.scala. Using presentation compiler with project's scala-library version: 3.3.6
2025.06.02 22:53:14 INFO  no build target found for /Users/romanbatut/Desktop/EPFL/BA6/CLP/Labs/group21-cs320/lab06/src/amyc/lsp/TextDocumentService.scala. Using presentation compiler with project's scala-library version: 3.3.6
2025.06.02 22:53:14 INFO  no build target found for /Users/romanbatut/Desktop/EPFL/BA6/CLP/Labs/group21-cs320/lab06/src/amyc/lsp/TextDocumentService.scala. Using presentation compiler with project's scala-library version: 3.3.6
2025.06.02 22:53:15 WARN  no build target for: /Users/romanbatut/Desktop/EPFL/BA6/CLP/Labs/group21-cs320/lab06/src/amyc/lsp/TextDocumentService.scala
2025.06.02 22:53:15 INFO  no build target found for /Users/romanbatut/Desktop/EPFL/BA6/CLP/Labs/group21-cs320/lab06/src/amyc/lsp/TextDocumentService.scala. Using presentation compiler with project's scala-library version: 3.3.6
2025.06.02 22:53:18 WARN  no build target for: /Users/romanbatut/Desktop/EPFL/BA6/CLP/Labs/group21-cs320/lab06/src/amyc/lsp/Text Document Service.scala
2025.06.02 22:53:18 INFO  no build target found for /Users/romanbatut/Desktop/EPFL/BA6/CLP/Labs/group21-cs320/lab06/src/amyc/lsp/Text Document Service.scala. Using presentation compiler with project's scala-library version: 3.3.6
2025.06.02 22:53:18 INFO  no build target found for /Users/romanbatut/Desktop/EPFL/BA6/CLP/Labs/group21-cs320/lab06/src/amyc/lsp/Text Document Service.scala. Using presentation compiler with project's scala-library version: 3.3.6
2025.06.02 22:53:18 INFO  no build target found for /Users/romanbatut/Desktop/EPFL/BA6/CLP/Labs/group21-cs320/lab06/src/amyc/lsp/Text Document Service.scala. Using presentation compiler with project's scala-library version: 3.3.6
2025.06.02 22:53:18 INFO  no build target found for /Users/romanbatut/Desktop/EPFL/BA6/CLP/Labs/group21-cs320/lab06/src/amyc/lsp/Text Document Service.scala. Using presentation compiler with project's scala-library version: 3.3.6
2025.06.02 22:53:18 WARN  no build target for: /Users/romanbatut/Desktop/EPFL/BA6/CLP/Labs/group21-cs320/lab06/src/amyc/lsp/TextDocumentService.scala
2025.06.02 22:53:18 INFO  no build target found for /Users/romanbatut/Desktop/EPFL/BA6/CLP/Labs/group21-cs320/lab06/src/amyc/lsp/TextDocumentService.scala. Using presentation compiler with project's scala-library version: 3.3.6
2025.06.02 22:53:18 INFO  no build target found for /Users/romanbatut/Desktop/EPFL/BA6/CLP/Labs/group21-cs320/lab06/src/amyc/lsp/TextDocumentService.scala. Using presentation compiler with project's scala-library version: 3.3.6
2025.06.02 22:53:19 INFO  no build target found for /Users/romanbatut/Desktop/EPFL/BA6/CLP/Labs/group21-cs320/lab06/src/amyc/lsp/TextDocumentService.scala. Using presentation compiler with project's scala-library version: 3.3.6
2025.06.02 22:53:24 INFO  no build target found for /Users/romanbatut/Desktop/EPFL/BA6/CLP/Labs/group21-cs320/lab06/src/amyc/lsp/TextDocumentService.scala. Using presentation compiler with project's scala-library version: 3.3.6
2025.06.02 22:59:57 INFO  no build target found for /Users/romanbatut/Desktop/EPFL/BA6/CLP/Labs/group21-cs320/lab06/src/amyc/lsp/TextDocumentService.scala. Using presentation compiler with project's scala-library version: 3.3.6
2025.06.02 23:00:02 INFO  no build target found for /Users/romanbatut/Desktop/EPFL/BA6/CLP/Labs/group21-cs320/lab06/src/amyc/lsp/TextDocumentService.scala. Using presentation compiler with project's scala-library version: 3.3.6
2025.06.02 23:00:02 INFO  no build target found for /Users/romanbatut/Desktop/EPFL/BA6/CLP/Labs/group21-cs320/lab06/src/amyc/lsp/TextDocumentService.scala. Using presentation compiler with project's scala-library version: 3.3.6
2025.06.02 23:00:02 INFO  no build target found for /Users/romanbatut/Desktop/EPFL/BA6/CLP/Labs/group21-cs320/lab06/src/amyc/lsp/TextDocumentService.scala. Using presentation compiler with project's scala-library version: 3.3.6
Jun 02, 2025 11:00:02 PM scala.meta.internal.metals.StdReporter $anonfun$create$1
WARNING: empty definition using pc, found symbol in pc: `<none>`. (full report at: /Users/romanbatut/Desktop/EPFL/BA6/CLP/Labs/group21-cs320/lab06/.metals/.reports/metals-full/2025-06-02/r_empty-definition_22-53-13-169.md)
2025.06.02 23:00:02 INFO  no build target found for /Users/romanbatut/Desktop/EPFL/BA6/CLP/Labs/group21-cs320/lab06/src/amyc/lsp/TextDocumentService.scala. Using presentation compiler with project's scala-library version: 3.3.6
2025.06.02 23:00:03 INFO  no build target found for /Users/romanbatut/Desktop/EPFL/BA6/CLP/Labs/group21-cs320/lab06/src/amyc/lsp/TextDocumentService.scala. Using presentation compiler with project's scala-library version: 3.3.6
2025.06.02 23:00:03 INFO  no build target found for /Users/romanbatut/Desktop/EPFL/BA6/CLP/Labs/group21-cs320/lab06/src/amyc/lsp/TextDocumentService.scala. Using presentation compiler with project's scala-library version: 3.3.6
2025.06.02 23:00:03 INFO  no build target found for /Users/romanbatut/Desktop/EPFL/BA6/CLP/Labs/group21-cs320/lab06/src/amyc/lsp/TextDocumentService.scala. Using presentation compiler with project's scala-library version: 3.3.6
2025.06.02 23:00:03 INFO  no build target found for /Users/romanbatut/Desktop/EPFL/BA6/CLP/Labs/group21-cs320/lab06/src/amyc/lsp/TextDocumentService.scala. Using presentation compiler with project's scala-library version: 3.3.6
2025.06.02 23:00:04 WARN  no build target for: /Users/romanbatut/Desktop/EPFL/BA6/CLP/Labs/group21-cs320/lab06/src/amyc/lsp/TextDocumentService.scala
2025.06.02 23:00:04 INFO  no build target found for /Users/romanbatut/Desktop/EPFL/BA6/CLP/Labs/group21-cs320/lab06/src/amyc/lsp/TextDocumentService.scala. Using presentation compiler with project's scala-library version: 3.3.6
2025.06.02 23:00:25 INFO  no build target found for /Users/romanbatut/Desktop/EPFL/BA6/CLP/Labs/group21-cs320/lab06/src/amyc/lsp/TextDocumentService.scala. Using presentation compiler with project's scala-library version: 3.3.6
2025.06.02 23:00:25 INFO  no build target found for /Users/romanbatut/Desktop/EPFL/BA6/CLP/Labs/group21-cs320/lab06/src/amyc/lsp/TextDocumentService.scala. Using presentation compiler with project's scala-library version: 3.3.6
2025.06.02 23:00:25 INFO  no build target found for /Users/romanbatut/Desktop/EPFL/BA6/CLP/Labs/group21-cs320/lab06/src/amyc/lsp/TextDocumentService.scala. Using presentation compiler with project's scala-library version: 3.3.6
2025.06.02 23:00:26 INFO  no build target found for /Users/romanbatut/Desktop/EPFL/BA6/CLP/Labs/group21-cs320/lab06/src/amyc/lsp/TextDocumentService.scala. Using presentation compiler with project's scala-library version: 3.3.6
2025.06.02 23:00:26 INFO  no build target found for /Users/romanbatut/Desktop/EPFL/BA6/CLP/Labs/group21-cs320/lab06/src/amyc/lsp/TextDocumentService.scala. Using presentation compiler with project's scala-library version: 3.3.6
2025.06.02 23:00:26 INFO  no build target found for /Users/romanbatut/Desktop/EPFL/BA6/CLP/Labs/group21-cs320/lab06/src/amyc/lsp/TextDocumentService.scala. Using presentation compiler with project's scala-library version: 3.3.6
2025.06.02 23:00:27 WARN  no build target for: /Users/romanbatut/Desktop/EPFL/BA6/CLP/Labs/group21-cs320/lab06/src/amyc/lsp/TextDocumentService.scala
2025.06.02 23:00:27 INFO  no build target found for /Users/romanbatut/Desktop/EPFL/BA6/CLP/Labs/group21-cs320/lab06/src/amyc/lsp/TextDocumentService.scala. Using presentation compiler with project's scala-library version: 3.3.6
2025.06.02 23:00:26 INFO  no build target found for /Users/romanbatut/Desktop/EPFL/BA6/CLP/Labs/group21-cs320/lab06/src/amyc/lsp/TextDocumentService.scala. Using presentation compiler with project's scala-library version: 3.3.6
2025.06.02 23:01:51 WARN  no build target for: /Users/romanbatut/Desktop/EPFL/BA6/CLP/Labs/group21-cs320/lab06/src/amyc/lsp/Text Document Service (1).scala
2025.06.02 23:01:51 INFO  no build target found for /Users/romanbatut/Desktop/EPFL/BA6/CLP/Labs/group21-cs320/lab06/src/amyc/lsp/Text Document Service (1).scala. Using presentation compiler with project's scala-library version: 3.3.6
2025.06.02 23:01:51 INFO  no build target found for /Users/romanbatut/Desktop/EPFL/BA6/CLP/Labs/group21-cs320/lab06/src/amyc/lsp/Text Document Service (1).scala. Using presentation compiler with project's scala-library version: 3.3.6
2025.06.02 23:01:51 INFO  no build target found for /Users/romanbatut/Desktop/EPFL/BA6/CLP/Labs/group21-cs320/lab06/src/amyc/lsp/Text Document Service (1).scala. Using presentation compiler with project's scala-library version: 3.3.6
2025.06.02 23:01:51 INFO  no build target found for /Users/romanbatut/Desktop/EPFL/BA6/CLP/Labs/group21-cs320/lab06/src/amyc/lsp/Text Document Service (1).scala. Using presentation compiler with project's scala-library version: 3.3.6
2025.06.02 23:01:51 INFO  no build target found for /Users/romanbatut/Desktop/EPFL/BA6/CLP/Labs/group21-cs320/lab06/src/amyc/lsp/Text Document Service (1).scala. Using presentation compiler with project's scala-library version: 3.3.6
2025.06.02 23:01:52 INFO  no build target found for /Users/romanbatut/Desktop/EPFL/BA6/CLP/Labs/group21-cs320/lab06/src/amyc/lsp/Text Document Service (1).scala. Using presentation compiler with project's scala-library version: 3.3.6
2025.06.02 23:01:52 INFO  no build target found for /Users/romanbatut/Desktop/EPFL/BA6/CLP/Labs/group21-cs320/lab06/src/amyc/lsp/Text Document Service (1).scala. Using presentation compiler with project's scala-library version: 3.3.6
2025.06.02 23:01:52 INFO  no build target found for /Users/romanbatut/Desktop/EPFL/BA6/CLP/Labs/group21-cs320/lab06/src/amyc/lsp/Text Document Service (1).scala. Using presentation compiler with project's scala-library version: 3.3.6
2025.06.02 23:01:53 WARN  no build target for: /Users/romanbatut/Desktop/EPFL/BA6/CLP/Labs/group21-cs320/lab06/src/amyc/lsp/TextDocumentService.scala
2025.06.02 23:01:53 INFO  no build target found for /Users/romanbatut/Desktop/EPFL/BA6/CLP/Labs/group21-cs320/lab06/src/amyc/lsp/TextDocumentService.scala. Using presentation compiler with project's scala-library version: 3.3.6
2025.06.02 23:01:53 INFO  no build target found for /Users/romanbatut/Desktop/EPFL/BA6/CLP/Labs/group21-cs320/lab06/src/amyc/lsp/TextDocumentService.scala. Using presentation compiler with project's scala-library version: 3.3.6
2025.06.02 23:01:53 INFO  no build target found for /Users/romanbatut/Desktop/EPFL/BA6/CLP/Labs/group21-cs320/lab06/src/amyc/lsp/TextDocumentService.scala. Using presentation compiler with project's scala-library version: 3.3.6
2025.06.02 23:01:54 INFO  no build target found for /Users/romanbatut/Desktop/EPFL/BA6/CLP/Labs/group21-cs320/lab06/src/amyc/lsp/TextDocumentService.scala. Using presentation compiler with project's scala-library version: 3.3.6
2025.06.02 23:01:54 INFO  no build target found for /Users/romanbatut/Desktop/EPFL/BA6/CLP/Labs/group21-cs320/lab06/src/amyc/lsp/TextDocumentService.scala. Using presentation compiler with project's scala-library version: 3.3.6
2025.06.02 23:01:54 INFO  no build target found for /Users/romanbatut/Desktop/EPFL/BA6/CLP/Labs/group21-cs320/lab06/src/amyc/lsp/TextDocumentService.scala. Using presentation compiler with project's scala-library version: 3.3.6
2025.06.02 23:01:55 INFO  no build target found for /Users/romanbatut/Desktop/EPFL/BA6/CLP/Labs/group21-cs320/lab06/src/amyc/lsp/TextDocumentService.scala. Using presentation compiler with project's scala-library version: 3.3.6
2025.06.02 23:01:55 INFO  no build target found for /Users/romanbatut/Desktop/EPFL/BA6/CLP/Labs/group21-cs320/lab06/src/amyc/lsp/TextDocumentService.scala. Using presentation compiler with project's scala-library version: 3.3.6
2025.06.02 23:01:56 WARN  no build target for: /Users/romanbatut/Desktop/EPFL/BA6/CLP/Labs/group21-cs320/lab06/src/amyc/lsp/Text Document Service (1).scala
2025.06.02 23:01:56 INFO  no build target found for /Users/romanbatut/Desktop/EPFL/BA6/CLP/Labs/group21-cs320/lab06/src/amyc/lsp/Text Document Service (1).scala. Using presentation compiler with project's scala-library version: 3.3.6
2025.06.02 23:01:56 INFO  no build target found for /Users/romanbatut/Desktop/EPFL/BA6/CLP/Labs/group21-cs320/lab06/src/amyc/lsp/Text Document Service (1).scala. Using presentation compiler with project's scala-library version: 3.3.6
2025.06.02 23:01:56 WARN  no build target for: /Users/romanbatut/Desktop/EPFL/BA6/CLP/Labs/group21-cs320/lab06/src/amyc/lsp/TextDocumentService.scala
2025.06.02 23:01:56 INFO  no build target found for /Users/romanbatut/Desktop/EPFL/BA6/CLP/Labs/group21-cs320/lab06/src/amyc/lsp/Text Document Service (1).scala. Using presentation compiler with project's scala-library version: 3.3.6
2025.06.02 23:01:56 INFO  no build target found for /Users/romanbatut/Desktop/EPFL/BA6/CLP/Labs/group21-cs320/lab06/src/amyc/lsp/Text Document Service (1).scala. Using presentation compiler with project's scala-library version: 3.3.6
2025.06.02 23:01:56 INFO  no build target found for /Users/romanbatut/Desktop/EPFL/BA6/CLP/Labs/group21-cs320/lab06/src/amyc/lsp/Text Document Service (1).scala. Using presentation compiler with project's scala-library version: 3.3.6
2025.06.02 23:01:57 WARN  no build target for: /Users/romanbatut/Desktop/EPFL/BA6/CLP/Labs/group21-cs320/lab06/src/amyc/lsp/TextDocumentService.scala
2025.06.02 23:01:56 INFO  no build target found for /Users/romanbatut/Desktop/EPFL/BA6/CLP/Labs/group21-cs320/lab06/src/amyc/lsp/TextDocumentService.scala. Using presentation compiler with project's scala-library version: 3.3.6
2025.06.02 23:01:57 INFO  no build target found for /Users/romanbatut/Desktop/EPFL/BA6/CLP/Labs/group21-cs320/lab06/src/amyc/lsp/TextDocumentService.scala. Using presentation compiler with project's scala-library version: 3.3.6
2025.06.02 23:01:57 INFO  no build target found for /Users/romanbatut/Desktop/EPFL/BA6/CLP/Labs/group21-cs320/lab06/src/amyc/lsp/TextDocumentService.scala. Using presentation compiler with project's scala-library version: 3.3.6
2025.06.02 23:04:04 INFO  no build target found for /Users/romanbatut/Desktop/EPFL/BA6/CLP/Labs/group21-cs320/lab06/src/amyc/lsp/Text Document Service (2).scala. Using presentation compiler with project's scala-library version: 3.3.6
2025.06.02 23:04:04 INFO  no build target found for /Users/romanbatut/Desktop/EPFL/BA6/CLP/Labs/group21-cs320/lab06/src/amyc/lsp/Text Document Service (2).scala. Using presentation compiler with project's scala-library version: 3.3.6
2025.06.02 23:04:04 WARN  no build target for: /Users/romanbatut/Desktop/EPFL/BA6/CLP/Labs/group21-cs320/lab06/src/amyc/lsp/Text Document Service (2).scala
2025.06.02 23:04:04 INFO  no build target found for /Users/romanbatut/Desktop/EPFL/BA6/CLP/Labs/group21-cs320/lab06/src/amyc/lsp/Text Document Service (2).scala. Using presentation compiler with project's scala-library version: 3.3.6
2025.06.02 23:04:04 INFO  no build target found for /Users/romanbatut/Desktop/EPFL/BA6/CLP/Labs/group21-cs320/lab06/src/amyc/lsp/Text Document Service (2).scala. Using presentation compiler with project's scala-library version: 3.3.6
2025.06.02 23:04:05 INFO  no build target found for /Users/romanbatut/Desktop/EPFL/BA6/CLP/Labs/group21-cs320/lab06/src/amyc/lsp/Text Document Service (2).scala. Using presentation compiler with project's scala-library version: 3.3.6
2025.06.02 23:04:04 INFO  no build target found for /Users/romanbatut/Desktop/EPFL/BA6/CLP/Labs/group21-cs320/lab06/src/amyc/lsp/Text Document Service (2).scala. Using presentation compiler with project's scala-library version: 3.3.6
2025.06.02 23:04:05 INFO  no build target found for /Users/romanbatut/Desktop/EPFL/BA6/CLP/Labs/group21-cs320/lab06/src/amyc/lsp/Text Document Service (2).scala. Using presentation compiler with project's scala-library version: 3.3.6
2025.06.02 23:04:06 WARN  no build target for: /Users/romanbatut/Desktop/EPFL/BA6/CLP/Labs/group21-cs320/lab06/src/amyc/lsp/TextDocumentService.scala
2025.06.02 23:04:06 INFO  no build target found for /Users/romanbatut/Desktop/EPFL/BA6/CLP/Labs/group21-cs320/lab06/src/amyc/lsp/TextDocumentService.scala. Using presentation compiler with project's scala-library version: 3.3.6
2025.06.02 23:04:06 INFO  no build target found for /Users/romanbatut/Desktop/EPFL/BA6/CLP/Labs/group21-cs320/lab06/src/amyc/lsp/TextDocumentService.scala. Using presentation compiler with project's scala-library version: 3.3.6
2025.06.02 23:04:06 INFO  no build target found for /Users/romanbatut/Desktop/EPFL/BA6/CLP/Labs/group21-cs320/lab06/src/amyc/lsp/TextDocumentService.scala. Using presentation compiler with project's scala-library version: 3.3.6
2025.06.02 23:04:06 INFO  no build target found for /Users/romanbatut/Desktop/EPFL/BA6/CLP/Labs/group21-cs320/lab06/src/amyc/lsp/TextDocumentService.scala. Using presentation compiler with project's scala-library version: 3.3.6
2025.06.02 23:04:07 INFO  no build target found for /Users/romanbatut/Desktop/EPFL/BA6/CLP/Labs/group21-cs320/lab06/src/amyc/lsp/TextDocumentService.scala. Using presentation compiler with project's scala-library version: 3.3.6
2025.06.02 23:04:07 INFO  no build target found for /Users/romanbatut/Desktop/EPFL/BA6/CLP/Labs/group21-cs320/lab06/src/amyc/lsp/TextDocumentService.scala. Using presentation compiler with project's scala-library version: 3.3.6
2025.06.02 23:04:08 INFO  no build target found for /Users/romanbatut/Desktop/EPFL/BA6/CLP/Labs/group21-cs320/lab06/src/amyc/lsp/TextDocumentService.scala. Using presentation compiler with project's scala-library version: 3.3.6
2025.06.02 23:04:08 INFO  no build target found for /Users/romanbatut/Desktop/EPFL/BA6/CLP/Labs/group21-cs320/lab06/src/amyc/lsp/TextDocumentService.scala. Using presentation compiler with project's scala-library version: 3.3.6
2025.06.02 23:04:08 WARN  no build target for: /Users/romanbatut/Desktop/EPFL/BA6/CLP/Labs/group21-cs320/lab06/src/amyc/lsp/Text Document Service (2).scala
2025.06.02 23:04:07 INFO  no build target found for /Users/romanbatut/Desktop/EPFL/BA6/CLP/Labs/group21-cs320/lab06/src/amyc/lsp/Text Document Service (2).scala. Using presentation compiler with project's scala-library version: 3.3.6
2025.06.02 23:04:08 INFO  no build target found for /Users/romanbatut/Desktop/EPFL/BA6/CLP/Labs/group21-cs320/lab06/src/amyc/lsp/Text Document Service (2).scala. Using presentation compiler with project's scala-library version: 3.3.6
2025.06.02 23:04:08 WARN  no build target for: /Users/romanbatut/Desktop/EPFL/BA6/CLP/Labs/group21-cs320/lab06/src/amyc/lsp/TextDocumentService.scala
2025.06.02 23:04:08 INFO  no build target found for /Users/romanbatut/Desktop/EPFL/BA6/CLP/Labs/group21-cs320/lab06/src/amyc/lsp/Text Document Service (2).scala. Using presentation compiler with project's scala-library version: 3.3.6
2025.06.02 23:04:08 INFO  no build target found for /Users/romanbatut/Desktop/EPFL/BA6/CLP/Labs/group21-cs320/lab06/src/amyc/lsp/Text Document Service (2).scala. Using presentation compiler with project's scala-library version: 3.3.6
2025.06.02 23:04:08 INFO  no build target found for /Users/romanbatut/Desktop/EPFL/BA6/CLP/Labs/group21-cs320/lab06/src/amyc/lsp/Text Document Service (2).scala. Using presentation compiler with project's scala-library version: 3.3.6
2025.06.02 23:04:09 WARN  no build target for: /Users/romanbatut/Desktop/EPFL/BA6/CLP/Labs/group21-cs320/lab06/src/amyc/lsp/TextDocumentService.scala
2025.06.02 23:04:08 INFO  no build target found for /Users/romanbatut/Desktop/EPFL/BA6/CLP/Labs/group21-cs320/lab06/src/amyc/lsp/TextDocumentService.scala. Using presentation compiler with project's scala-library version: 3.3.6
2025.06.02 23:04:09 INFO  no build target found for /Users/romanbatut/Desktop/EPFL/BA6/CLP/Labs/group21-cs320/lab06/src/amyc/lsp/TextDocumentService.scala. Using presentation compiler with project's scala-library version: 3.3.6
2025.06.02 23:04:08 INFO  no build target found for /Users/romanbatut/Desktop/EPFL/BA6/CLP/Labs/group21-cs320/lab06/src/amyc/lsp/TextDocumentService.scala. Using presentation compiler with project's scala-library version: 3.3.6
2025.06.02 23:04:25 INFO  no build target found for /Users/romanbatut/Desktop/EPFL/BA6/CLP/Labs/group21-cs320/lab06/src/amyc/lsp/TextDocumentService.scala. Using presentation compiler with project's scala-library version: 3.3.6
2025.06.02 23:04:30 INFO  no build target found for /Users/romanbatut/Desktop/EPFL/BA6/CLP/Labs/group21-cs320/lab06/src/amyc/lsp/TextDocumentService.scala. Using presentation compiler with project's scala-library version: 3.3.6
2025.06.02 23:04:30 INFO  no build target found for /Users/romanbatut/Desktop/EPFL/BA6/CLP/Labs/group21-cs320/lab06/src/amyc/lsp/TextDocumentService.scala. Using presentation compiler with project's scala-library version: 3.3.6
2025.06.02 23:04:31 INFO  no build target found for /Users/romanbatut/Desktop/EPFL/BA6/CLP/Labs/group21-cs320/lab06/src/amyc/lsp/TextDocumentService.scala. Using presentation compiler with project's scala-library version: 3.3.6
2025.06.02 23:04:31 INFO  no build target found for /Users/romanbatut/Desktop/EPFL/BA6/CLP/Labs/group21-cs320/lab06/src/amyc/lsp/TextDocumentService.scala. Using presentation compiler with project's scala-library version: 3.3.6
2025.06.02 23:06:41 INFO  no build target found for /Users/romanbatut/Desktop/EPFL/BA6/CLP/Labs/group21-cs320/lab06/src/amyc/lsp/TextDocumentService.scala. Using presentation compiler with project's scala-library version: 3.3.6
2025.06.02 23:07:05 INFO  no build target found for /Users/romanbatut/Desktop/EPFL/BA6/CLP/Labs/group21-cs320/lab06/src/amyc/lsp/Text Document Service (3).scala. Using presentation compiler with project's scala-library version: 3.3.6
2025.06.02 23:07:05 INFO  no build target found for /Users/romanbatut/Desktop/EPFL/BA6/CLP/Labs/group21-cs320/lab06/src/amyc/lsp/Text Document Service (3).scala. Using presentation compiler with project's scala-library version: 3.3.6
2025.06.02 23:07:05 WARN  no build target for: /Users/romanbatut/Desktop/EPFL/BA6/CLP/Labs/group21-cs320/lab06/src/amyc/lsp/Text Document Service (3).scala
2025.06.02 23:07:05 INFO  no build target found for /Users/romanbatut/Desktop/EPFL/BA6/CLP/Labs/group21-cs320/lab06/src/amyc/lsp/Text Document Service (3).scala. Using presentation compiler with project's scala-library version: 3.3.6
2025.06.02 23:07:05 INFO  no build target found for /Users/romanbatut/Desktop/EPFL/BA6/CLP/Labs/group21-cs320/lab06/src/amyc/lsp/Text Document Service (3).scala. Using presentation compiler with project's scala-library version: 3.3.6
2025.06.02 23:07:05 INFO  no build target found for /Users/romanbatut/Desktop/EPFL/BA6/CLP/Labs/group21-cs320/lab06/src/amyc/lsp/Text Document Service (3).scala. Using presentation compiler with project's scala-library version: 3.3.6
2025.06.02 23:07:05 INFO  no build target found for /Users/romanbatut/Desktop/EPFL/BA6/CLP/Labs/group21-cs320/lab06/src/amyc/lsp/Text Document Service (3).scala. Using presentation compiler with project's scala-library version: 3.3.6
2025.06.02 23:07:06 INFO  no build target found for /Users/romanbatut/Desktop/EPFL/BA6/CLP/Labs/group21-cs320/lab06/src/amyc/lsp/Text Document Service (3).scala. Using presentation compiler with project's scala-library version: 3.3.6
2025.06.02 23:07:06 INFO  no build target found for /Users/romanbatut/Desktop/EPFL/BA6/CLP/Labs/group21-cs320/lab06/src/amyc/lsp/Text Document Service (3).scala. Using presentation compiler with project's scala-library version: 3.3.6
Jun 02, 2025 11:07:06 PM scala.meta.internal.metals.StdReporter $anonfun$create$1
WARNING: empty definition using pc, found symbol in pc: `<none>`. (full report at: /Users/romanbatut/Desktop/EPFL/BA6/CLP/Labs/group21-cs320/lab06/.metals/.reports/metals-full/2025-06-02/r_empty-definition_23-07-06-523.md)
2025.06.02 23:07:06 INFO  no build target found for /Users/romanbatut/Desktop/EPFL/BA6/CLP/Labs/group21-cs320/lab06/src/amyc/lsp/Text Document Service (3).scala. Using presentation compiler with project's scala-library version: 3.3.6
2025.06.02 23:07:07 WARN  no build target for: /Users/romanbatut/Desktop/EPFL/BA6/CLP/Labs/group21-cs320/lab06/src/amyc/lsp/TextDocumentService.scala
2025.06.02 23:07:06 INFO  no build target found for /Users/romanbatut/Desktop/EPFL/BA6/CLP/Labs/group21-cs320/lab06/src/amyc/lsp/TextDocumentService.scala. Using presentation compiler with project's scala-library version: 3.3.6
2025.06.02 23:07:07 INFO  no build target found for /Users/romanbatut/Desktop/EPFL/BA6/CLP/Labs/group21-cs320/lab06/src/amyc/lsp/TextDocumentService.scala. Using presentation compiler with project's scala-library version: 3.3.6
2025.06.02 23:07:07 INFO  no build target found for /Users/romanbatut/Desktop/EPFL/BA6/CLP/Labs/group21-cs320/lab06/src/amyc/lsp/TextDocumentService.scala. Using presentation compiler with project's scala-library version: 3.3.6
2025.06.02 23:07:07 INFO  no build target found for /Users/romanbatut/Desktop/EPFL/BA6/CLP/Labs/group21-cs320/lab06/src/amyc/lsp/TextDocumentService.scala. Using presentation compiler with project's scala-library version: 3.3.6
2025.06.02 23:07:07 INFO  no build target found for /Users/romanbatut/Desktop/EPFL/BA6/CLP/Labs/group21-cs320/lab06/src/amyc/lsp/TextDocumentService.scala. Using presentation compiler with project's scala-library version: 3.3.6
2025.06.02 23:07:09 INFO  no build target found for /Users/romanbatut/Desktop/EPFL/BA6/CLP/Labs/group21-cs320/lab06/src/amyc/lsp/TextDocumentService.scala. Using presentation compiler with project's scala-library version: 3.3.6
2025.06.02 23:07:09 INFO  no build target found for /Users/romanbatut/Desktop/EPFL/BA6/CLP/Labs/group21-cs320/lab06/src/amyc/lsp/TextDocumentService.scala. Using presentation compiler with project's scala-library version: 3.3.6
2025.06.02 23:07:09 INFO  no build target found for /Users/romanbatut/Desktop/EPFL/BA6/CLP/Labs/group21-cs320/lab06/src/amyc/lsp/TextDocumentService.scala. Using presentation compiler with project's scala-library version: 3.3.6
2025.06.02 23:07:09 INFO  no build target found for /Users/romanbatut/Desktop/EPFL/BA6/CLP/Labs/group21-cs320/lab06/src/amyc/lsp/TextDocumentService.scala. Using presentation compiler with project's scala-library version: 3.3.6
2025.06.02 23:07:09 WARN  no build target for: /Users/romanbatut/Desktop/EPFL/BA6/CLP/Labs/group21-cs320/lab06/src/amyc/lsp/Text Document Service (3).scala
2025.06.02 23:07:09 INFO  no build target found for /Users/romanbatut/Desktop/EPFL/BA6/CLP/Labs/group21-cs320/lab06/src/amyc/lsp/Text Document Service (3).scala. Using presentation compiler with project's scala-library version: 3.3.6
2025.06.02 23:07:10 INFO  no build target found for /Users/romanbatut/Desktop/EPFL/BA6/CLP/Labs/group21-cs320/lab06/src/amyc/lsp/Text Document Service (3).scala. Using presentation compiler with project's scala-library version: 3.3.6
2025.06.02 23:07:09 WARN  no build target for: /Users/romanbatut/Desktop/EPFL/BA6/CLP/Labs/group21-cs320/lab06/src/amyc/lsp/TextDocumentService.scala
2025.06.02 23:07:10 INFO  no build target found for /Users/romanbatut/Desktop/EPFL/BA6/CLP/Labs/group21-cs320/lab06/src/amyc/lsp/Text Document Service (3).scala. Using presentation compiler with project's scala-library version: 3.3.6
2025.06.02 23:07:10 INFO  no build target found for /Users/romanbatut/Desktop/EPFL/BA6/CLP/Labs/group21-cs320/lab06/src/amyc/lsp/Text Document Service (3).scala. Using presentation compiler with project's scala-library version: 3.3.6
2025.06.02 23:07:10 INFO  no build target found for /Users/romanbatut/Desktop/EPFL/BA6/CLP/Labs/group21-cs320/lab06/src/amyc/lsp/Text Document Service (3).scala. Using presentation compiler with project's scala-library version: 3.3.6
2025.06.02 23:07:10 WARN  no build target for: /Users/romanbatut/Desktop/EPFL/BA6/CLP/Labs/group21-cs320/lab06/src/amyc/lsp/TextDocumentService.scala
2025.06.02 23:07:10 INFO  no build target found for /Users/romanbatut/Desktop/EPFL/BA6/CLP/Labs/group21-cs320/lab06/src/amyc/lsp/TextDocumentService.scala. Using presentation compiler with project's scala-library version: 3.3.6
2025.06.02 23:07:10 INFO  no build target found for /Users/romanbatut/Desktop/EPFL/BA6/CLP/Labs/group21-cs320/lab06/src/amyc/lsp/TextDocumentService.scala. Using presentation compiler with project's scala-library version: 3.3.6
2025.06.02 23:07:10 INFO  no build target found for /Users/romanbatut/Desktop/EPFL/BA6/CLP/Labs/group21-cs320/lab06/src/amyc/lsp/TextDocumentService.scala. Using presentation compiler with project's scala-library version: 3.3.6
2025.06.02 23:09:23 WARN  no build target for: /Users/romanbatut/Desktop/EPFL/BA6/CLP/Labs/group21-cs320/lab06/src/amyc/lsp/Text Document Service (4).scala
2025.06.02 23:09:23 INFO  no build target found for /Users/romanbatut/Desktop/EPFL/BA6/CLP/Labs/group21-cs320/lab06/src/amyc/lsp/Text Document Service (4).scala. Using presentation compiler with project's scala-library version: 3.3.6
2025.06.02 23:09:23 INFO  no build target found for /Users/romanbatut/Desktop/EPFL/BA6/CLP/Labs/group21-cs320/lab06/src/amyc/lsp/Text Document Service (4).scala. Using presentation compiler with project's scala-library version: 3.3.6
2025.06.02 23:09:23 INFO  no build target found for /Users/romanbatut/Desktop/EPFL/BA6/CLP/Labs/group21-cs320/lab06/src/amyc/lsp/Text Document Service (4).scala. Using presentation compiler with project's scala-library version: 3.3.6
2025.06.02 23:09:23 INFO  no build target found for /Users/romanbatut/Desktop/EPFL/BA6/CLP/Labs/group21-cs320/lab06/src/amyc/lsp/Text Document Service (4).scala. Using presentation compiler with project's scala-library version: 3.3.6
2025.06.02 23:09:23 INFO  no build target found for /Users/romanbatut/Desktop/EPFL/BA6/CLP/Labs/group21-cs320/lab06/src/amyc/lsp/Text Document Service (4).scala. Using presentation compiler with project's scala-library version: 3.3.6
2025.06.02 23:09:24 INFO  no build target found for /Users/romanbatut/Desktop/EPFL/BA6/CLP/Labs/group21-cs320/lab06/src/amyc/lsp/Text Document Service (4).scala. Using presentation compiler with project's scala-library version: 3.3.6
2025.06.02 23:09:23 INFO  no build target found for /Users/romanbatut/Desktop/EPFL/BA6/CLP/Labs/group21-cs320/lab06/src/amyc/lsp/Text Document Service (4).scala. Using presentation compiler with project's scala-library version: 3.3.6
2025.06.02 23:09:24 INFO  no build target found for /Users/romanbatut/Desktop/EPFL/BA6/CLP/Labs/group21-cs320/lab06/src/amyc/lsp/Text Document Service (4).scala. Using presentation compiler with project's scala-library version: 3.3.6
Jun 02, 2025 11:09:24 PM scala.meta.internal.metals.StdReporter $anonfun$create$1
WARNING: empty definition using pc, found symbol in pc: `<none>`. (full report at: /Users/romanbatut/Desktop/EPFL/BA6/CLP/Labs/group21-cs320/lab06/.metals/.reports/metals-full/2025-06-02/r_empty-definition_23-09-24-747.md)
2025.06.02 23:09:24 INFO  no build target found for /Users/romanbatut/Desktop/EPFL/BA6/CLP/Labs/group21-cs320/lab06/src/amyc/lsp/Text Document Service (4).scala. Using presentation compiler with project's scala-library version: 3.3.6
2025.06.02 23:09:25 WARN  no build target for: /Users/romanbatut/Desktop/EPFL/BA6/CLP/Labs/group21-cs320/lab06/src/amyc/lsp/TextDocumentService.scala
2025.06.02 23:09:24 INFO  no build target found for /Users/romanbatut/Desktop/EPFL/BA6/CLP/Labs/group21-cs320/lab06/src/amyc/lsp/TextDocumentService.scala. Using presentation compiler with project's scala-library version: 3.3.6
2025.06.02 23:09:25 INFO  no build target found for /Users/romanbatut/Desktop/EPFL/BA6/CLP/Labs/group21-cs320/lab06/src/amyc/lsp/TextDocumentService.scala. Using presentation compiler with project's scala-library version: 3.3.6
2025.06.02 23:09:25 INFO  no build target found for /Users/romanbatut/Desktop/EPFL/BA6/CLP/Labs/group21-cs320/lab06/src/amyc/lsp/TextDocumentService.scala. Using presentation compiler with project's scala-library version: 3.3.6
2025.06.02 23:09:25 INFO  no build target found for /Users/romanbatut/Desktop/EPFL/BA6/CLP/Labs/group21-cs320/lab06/src/amyc/lsp/TextDocumentService.scala. Using presentation compiler with project's scala-library version: 3.3.6
2025.06.02 23:09:25 INFO  no build target found for /Users/romanbatut/Desktop/EPFL/BA6/CLP/Labs/group21-cs320/lab06/src/amyc/lsp/TextDocumentService.scala. Using presentation compiler with project's scala-library version: 3.3.6
2025.06.02 23:09:25 INFO  no build target found for /Users/romanbatut/Desktop/EPFL/BA6/CLP/Labs/group21-cs320/lab06/src/amyc/lsp/TextDocumentService.scala. Using presentation compiler with project's scala-library version: 3.3.6
2025.06.02 23:09:27 INFO  no build target found for /Users/romanbatut/Desktop/EPFL/BA6/CLP/Labs/group21-cs320/lab06/src/amyc/lsp/TextDocumentService.scala. Using presentation compiler with project's scala-library version: 3.3.6
2025.06.02 23:09:27 INFO  no build target found for /Users/romanbatut/Desktop/EPFL/BA6/CLP/Labs/group21-cs320/lab06/src/amyc/lsp/TextDocumentService.scala. Using presentation compiler with project's scala-library version: 3.3.6
2025.06.02 23:09:27 INFO  no build target found for /Users/romanbatut/Desktop/EPFL/BA6/CLP/Labs/group21-cs320/lab06/src/amyc/lsp/TextDocumentService.scala. Using presentation compiler with project's scala-library version: 3.3.6
2025.06.02 23:09:27 WARN  no build target for: /Users/romanbatut/Desktop/EPFL/BA6/CLP/Labs/group21-cs320/lab06/src/amyc/lsp/TextDocumentService.scala
2025.06.02 23:09:27 INFO  no build target found for /Users/romanbatut/Desktop/EPFL/BA6/CLP/Labs/group21-cs320/lab06/src/amyc/lsp/TextDocumentService.scala. Using presentation compiler with project's scala-library version: 3.3.6
2025.06.02 23:09:28 WARN  no build target for: /Users/romanbatut/Desktop/EPFL/BA6/CLP/Labs/group21-cs320/lab06/src/amyc/lsp/Text Document Service (4).scala
2025.06.02 23:09:28 INFO  no build target found for /Users/romanbatut/Desktop/EPFL/BA6/CLP/Labs/group21-cs320/lab06/src/amyc/lsp/Text Document Service (4).scala. Using presentation compiler with project's scala-library version: 3.3.6
2025.06.02 23:09:28 INFO  no build target found for /Users/romanbatut/Desktop/EPFL/BA6/CLP/Labs/group21-cs320/lab06/src/amyc/lsp/Text Document Service (4).scala. Using presentation compiler with project's scala-library version: 3.3.6
2025.06.02 23:09:28 INFO  no build target found for /Users/romanbatut/Desktop/EPFL/BA6/CLP/Labs/group21-cs320/lab06/src/amyc/lsp/Text Document Service (4).scala. Using presentation compiler with project's scala-library version: 3.3.6
2025.06.02 23:09:28 INFO  no build target found for /Users/romanbatut/Desktop/EPFL/BA6/CLP/Labs/group21-cs320/lab06/src/amyc/lsp/Text Document Service (4).scala. Using presentation compiler with project's scala-library version: 3.3.6
2025.06.02 23:09:28 INFO  no build target found for /Users/romanbatut/Desktop/EPFL/BA6/CLP/Labs/group21-cs320/lab06/src/amyc/lsp/TextDocumentService.scala. Using presentation compiler with project's scala-library version: 3.3.6
2025.06.02 23:09:29 WARN  no build target for: /Users/romanbatut/Desktop/EPFL/BA6/CLP/Labs/group21-cs320/lab06/src/amyc/lsp/TextDocumentService.scala
2025.06.02 23:09:29 INFO  no build target found for /Users/romanbatut/Desktop/EPFL/BA6/CLP/Labs/group21-cs320/lab06/src/amyc/lsp/TextDocumentService.scala. Using presentation compiler with project's scala-library version: 3.3.6
2025.06.02 23:09:28 INFO  no build target found for /Users/romanbatut/Desktop/EPFL/BA6/CLP/Labs/group21-cs320/lab06/src/amyc/lsp/TextDocumentService.scala. Using presentation compiler with project's scala-library version: 3.3.6
2025.06.02 23:09:29 INFO  no build target found for /Users/romanbatut/Desktop/EPFL/BA6/CLP/Labs/group21-cs320/lab06/src/amyc/lsp/TextDocumentService.scala. Using presentation compiler with project's scala-library version: 3.3.6
2025.06.02 23:09:29 INFO  no build target found for /Users/romanbatut/Desktop/EPFL/BA6/CLP/Labs/group21-cs320/lab06/src/amyc/lsp/TextDocumentService.scala. Using presentation compiler with project's scala-library version: 3.3.6
2025.06.02 23:10:22 INFO  no build target found for /Users/romanbatut/Desktop/EPFL/BA6/CLP/Labs/group21-cs320/lab06/src/amyc/lsp/Telegram Web Text Document Service.scala. Using presentation compiler with project's scala-library version: 3.3.6
2025.06.02 23:10:22 INFO  no build target found for /Users/romanbatut/Desktop/EPFL/BA6/CLP/Labs/group21-cs320/lab06/src/amyc/lsp/Telegram Web Text Document Service.scala. Using presentation compiler with project's scala-library version: 3.3.6
2025.06.02 23:10:22 WARN  no build target for: /Users/romanbatut/Desktop/EPFL/BA6/CLP/Labs/group21-cs320/lab06/src/amyc/lsp/Telegram Web Text Document Service.scala
2025.06.02 23:10:22 INFO  no build target found for /Users/romanbatut/Desktop/EPFL/BA6/CLP/Labs/group21-cs320/lab06/src/amyc/lsp/Telegram Web Text Document Service.scala. Using presentation compiler with project's scala-library version: 3.3.6
2025.06.02 23:10:22 INFO  no build target found for /Users/romanbatut/Desktop/EPFL/BA6/CLP/Labs/group21-cs320/lab06/src/amyc/lsp/Telegram Web Text Document Service.scala. Using presentation compiler with project's scala-library version: 3.3.6
2025.06.02 23:10:22 INFO  no build target found for /Users/romanbatut/Desktop/EPFL/BA6/CLP/Labs/group21-cs320/lab06/src/amyc/lsp/Telegram Web Text Document Service.scala. Using presentation compiler with project's scala-library version: 3.3.6
2025.06.02 23:10:22 INFO  no build target found for /Users/romanbatut/Desktop/EPFL/BA6/CLP/Labs/group21-cs320/lab06/src/amyc/lsp/Telegram Web Text Document Service.scala. Using presentation compiler with project's scala-library version: 3.3.6
2025.06.02 23:10:22 INFO  no build target found for /Users/romanbatut/Desktop/EPFL/BA6/CLP/Labs/group21-cs320/lab06/src/amyc/lsp/Telegram Web Text Document Service.scala. Using presentation compiler with project's scala-library version: 3.3.6
2025.06.02 23:10:23 INFO  no build target found for /Users/romanbatut/Desktop/EPFL/BA6/CLP/Labs/group21-cs320/lab06/src/amyc/lsp/Telegram Web Text Document Service.scala. Using presentation compiler with project's scala-library version: 3.3.6
2025.06.02 23:10:24 WARN  no build target for: /Users/romanbatut/Desktop/EPFL/BA6/CLP/Labs/group21-cs320/lab06/src/amyc/lsp/TextDocumentService.scala
2025.06.02 23:10:24 INFO  no build target found for /Users/romanbatut/Desktop/EPFL/BA6/CLP/Labs/group21-cs320/lab06/src/amyc/lsp/TextDocumentService.scala. Using presentation compiler with project's scala-library version: 3.3.6
2025.06.02 23:10:24 INFO  no build target found for /Users/romanbatut/Desktop/EPFL/BA6/CLP/Labs/group21-cs320/lab06/src/amyc/lsp/TextDocumentService.scala. Using presentation compiler with project's scala-library version: 3.3.6
2025.06.02 23:10:24 INFO  no build target found for /Users/romanbatut/Desktop/EPFL/BA6/CLP/Labs/group21-cs320/lab06/src/amyc/lsp/TextDocumentService.scala. Using presentation compiler with project's scala-library version: 3.3.6
2025.06.02 23:10:24 INFO  no build target found for /Users/romanbatut/Desktop/EPFL/BA6/CLP/Labs/group21-cs320/lab06/src/amyc/lsp/TextDocumentService.scala. Using presentation compiler with project's scala-library version: 3.3.6
2025.06.02 23:10:25 INFO  no build target found for /Users/romanbatut/Desktop/EPFL/BA6/CLP/Labs/group21-cs320/lab06/src/amyc/lsp/TextDocumentService.scala. Using presentation compiler with project's scala-library version: 3.3.6
2025.06.02 23:10:25 INFO  no build target found for /Users/romanbatut/Desktop/EPFL/BA6/CLP/Labs/group21-cs320/lab06/src/amyc/lsp/TextDocumentService.scala. Using presentation compiler with project's scala-library version: 3.3.6
2025.06.02 23:10:26 INFO  no build target found for /Users/romanbatut/Desktop/EPFL/BA6/CLP/Labs/group21-cs320/lab06/src/amyc/lsp/TextDocumentService.scala. Using presentation compiler with project's scala-library version: 3.3.6
2025.06.02 23:10:26 INFO  no build target found for /Users/romanbatut/Desktop/EPFL/BA6/CLP/Labs/group21-cs320/lab06/src/amyc/lsp/TextDocumentService.scala. Using presentation compiler with project's scala-library version: 3.3.6
2025.06.02 23:10:26 WARN  no build target for: /Users/romanbatut/Desktop/EPFL/BA6/CLP/Labs/group21-cs320/lab06/src/amyc/lsp/Telegram Web Text Document Service.scala
2025.06.02 23:10:25 INFO  no build target found for /Users/romanbatut/Desktop/EPFL/BA6/CLP/Labs/group21-cs320/lab06/src/amyc/lsp/Telegram Web Text Document Service.scala. Using presentation compiler with project's scala-library version: 3.3.6
2025.06.02 23:10:26 INFO  no build target found for /Users/romanbatut/Desktop/EPFL/BA6/CLP/Labs/group21-cs320/lab06/src/amyc/lsp/Telegram Web Text Document Service.scala. Using presentation compiler with project's scala-library version: 3.3.6
2025.06.02 23:10:26 WARN  no build target for: /Users/romanbatut/Desktop/EPFL/BA6/CLP/Labs/group21-cs320/lab06/src/amyc/lsp/TextDocumentService.scala
2025.06.02 23:10:26 INFO  no build target found for /Users/romanbatut/Desktop/EPFL/BA6/CLP/Labs/group21-cs320/lab06/src/amyc/lsp/Telegram Web Text Document Service.scala. Using presentation compiler with project's scala-library version: 3.3.6
2025.06.02 23:10:26 INFO  no build target found for /Users/romanbatut/Desktop/EPFL/BA6/CLP/Labs/group21-cs320/lab06/src/amyc/lsp/Telegram Web Text Document Service.scala. Using presentation compiler with project's scala-library version: 3.3.6
2025.06.02 23:10:26 INFO  no build target found for /Users/romanbatut/Desktop/EPFL/BA6/CLP/Labs/group21-cs320/lab06/src/amyc/lsp/Telegram Web Text Document Service.scala. Using presentation compiler with project's scala-library version: 3.3.6
2025.06.02 23:10:27 WARN  no build target for: /Users/romanbatut/Desktop/EPFL/BA6/CLP/Labs/group21-cs320/lab06/src/amyc/lsp/TextDocumentService.scala
2025.06.02 23:10:26 INFO  no build target found for /Users/romanbatut/Desktop/EPFL/BA6/CLP/Labs/group21-cs320/lab06/src/amyc/lsp/TextDocumentService.scala. Using presentation compiler with project's scala-library version: 3.3.6
2025.06.02 23:10:27 INFO  no build target found for /Users/romanbatut/Desktop/EPFL/BA6/CLP/Labs/group21-cs320/lab06/src/amyc/lsp/TextDocumentService.scala. Using presentation compiler with project's scala-library version: 3.3.6
2025.06.02 23:10:26 INFO  no build target found for /Users/romanbatut/Desktop/EPFL/BA6/CLP/Labs/group21-cs320/lab06/src/amyc/lsp/TextDocumentService.scala. Using presentation compiler with project's scala-library version: 3.3.6
2025.06.02 23:26:05 INFO  no build target found for /Users/romanbatut/Desktop/EPFL/BA6/CLP/Labs/group21-cs320/lab06/src/amyc/lsp/TextDocumentService.scala. Using presentation compiler with project's scala-library version: 3.3.6
2025.06.02 23:26:16 INFO  no build target found for /Users/romanbatut/Desktop/EPFL/BA6/CLP/Labs/group21-cs320/lab06/src/amyc/lsp/TextDocumentService.scala. Using presentation compiler with project's scala-library version: 3.3.6
2025.06.02 23:26:30 WARN  no build target for: /Users/romanbatut/Desktop/EPFL/BA6/CLP/Labs/group21-cs320/lab06/src/amyc/lsp/Text Document Service (5).scala
2025.06.02 23:26:30 INFO  no build target found for /Users/romanbatut/Desktop/EPFL/BA6/CLP/Labs/group21-cs320/lab06/src/amyc/lsp/Text Document Service (5).scala. Using presentation compiler with project's scala-library version: 3.3.6
2025.06.02 23:26:30 INFO  no build target found for /Users/romanbatut/Desktop/EPFL/BA6/CLP/Labs/group21-cs320/lab06/src/amyc/lsp/Text Document Service (5).scala. Using presentation compiler with project's scala-library version: 3.3.6
2025.06.02 23:26:30 INFO  no build target found for /Users/romanbatut/Desktop/EPFL/BA6/CLP/Labs/group21-cs320/lab06/src/amyc/lsp/Text Document Service (5).scala. Using presentation compiler with project's scala-library version: 3.3.6
2025.06.02 23:26:30 INFO  no build target found for /Users/romanbatut/Desktop/EPFL/BA6/CLP/Labs/group21-cs320/lab06/src/amyc/lsp/Text Document Service (5).scala. Using presentation compiler with project's scala-library version: 3.3.6
2025.06.02 23:26:30 INFO  no build target found for /Users/romanbatut/Desktop/EPFL/BA6/CLP/Labs/group21-cs320/lab06/src/amyc/lsp/Text Document Service (5).scala. Using presentation compiler with project's scala-library version: 3.3.6
2025.06.02 23:26:30 INFO  no build target found for /Users/romanbatut/Desktop/EPFL/BA6/CLP/Labs/group21-cs320/lab06/src/amyc/lsp/Text Document Service (5).scala. Using presentation compiler with project's scala-library version: 3.3.6
2025.06.02 23:26:31 INFO  no build target found for /Users/romanbatut/Desktop/EPFL/BA6/CLP/Labs/group21-cs320/lab06/src/amyc/lsp/Text Document Service (5).scala. Using presentation compiler with project's scala-library version: 3.3.6
2025.06.02 23:26:31 INFO  no build target found for /Users/romanbatut/Desktop/EPFL/BA6/CLP/Labs/group21-cs320/lab06/src/amyc/lsp/Text Document Service (5).scala. Using presentation compiler with project's scala-library version: 3.3.6
2025.06.02 23:26:31 INFO  no build target found for /Users/romanbatut/Desktop/EPFL/BA6/CLP/Labs/group21-cs320/lab06/src/amyc/lsp/Text Document Service (5).scala. Using presentation compiler with project's scala-library version: 3.3.6
2025.06.02 23:26:32 WARN  no build target for: /Users/romanbatut/Desktop/EPFL/BA6/CLP/Labs/group21-cs320/lab06/src/amyc/lsp/TextDocumentService.scala
2025.06.02 23:26:32 INFO  no build target found for /Users/romanbatut/Desktop/EPFL/BA6/CLP/Labs/group21-cs320/lab06/src/amyc/lsp/TextDocumentService.scala. Using presentation compiler with project's scala-library version: 3.3.6
2025.06.02 23:26:32 INFO  no build target found for /Users/romanbatut/Desktop/EPFL/BA6/CLP/Labs/group21-cs320/lab06/src/amyc/lsp/TextDocumentService.scala. Using presentation compiler with project's scala-library version: 3.3.6
2025.06.02 23:26:32 INFO  no build target found for /Users/romanbatut/Desktop/EPFL/BA6/CLP/Labs/group21-cs320/lab06/src/amyc/lsp/TextDocumentService.scala. Using presentation compiler with project's scala-library version: 3.3.6
2025.06.02 23:26:32 INFO  no build target found for /Users/romanbatut/Desktop/EPFL/BA6/CLP/Labs/group21-cs320/lab06/src/amyc/lsp/TextDocumentService.scala. Using presentation compiler with project's scala-library version: 3.3.6
2025.06.02 23:26:32 INFO  no build target found for /Users/romanbatut/Desktop/EPFL/BA6/CLP/Labs/group21-cs320/lab06/src/amyc/lsp/TextDocumentService.scala. Using presentation compiler with project's scala-library version: 3.3.6
2025.06.02 23:26:33 INFO  no build target found for /Users/romanbatut/Desktop/EPFL/BA6/CLP/Labs/group21-cs320/lab06/src/amyc/lsp/TextDocumentService.scala. Using presentation compiler with project's scala-library version: 3.3.6
Jun 02, 2025 11:26:33 PM scala.meta.internal.metals.StdReporter $anonfun$create$1
WARNING: empty definition using pc, found symbol in pc: `<none>`. (full report at: /Users/romanbatut/Desktop/EPFL/BA6/CLP/Labs/group21-cs320/lab06/.metals/.reports/metals-full/2025-06-02/r_empty-definition_22-53-13-169.md)
2025.06.02 23:26:33 INFO  no build target found for /Users/romanbatut/Desktop/EPFL/BA6/CLP/Labs/group21-cs320/lab06/src/amyc/lsp/TextDocumentService.scala. Using presentation compiler with project's scala-library version: 3.3.6
2025.06.02 23:26:33 INFO  no build target found for /Users/romanbatut/Desktop/EPFL/BA6/CLP/Labs/group21-cs320/lab06/src/amyc/lsp/TextDocumentService.scala. Using presentation compiler with project's scala-library version: 3.3.6
2025.06.02 23:26:33 INFO  no build target found for /Users/romanbatut/Desktop/EPFL/BA6/CLP/Labs/group21-cs320/lab06/src/amyc/lsp/TextDocumentService.scala. Using presentation compiler with project's scala-library version: 3.3.6
2025.06.02 23:26:34 INFO  no build target found for /Users/romanbatut/Desktop/EPFL/BA6/CLP/Labs/group21-cs320/lab06/src/amyc/lsp/TextDocumentService.scala. Using presentation compiler with project's scala-library version: 3.3.6
2025.06.02 23:26:34 INFO  no build target found for /Users/romanbatut/Desktop/EPFL/BA6/CLP/Labs/group21-cs320/lab06/src/amyc/lsp/TextDocumentService.scala. Using presentation compiler with project's scala-library version: 3.3.6
2025.06.02 23:26:35 WARN  no build target for: /Users/romanbatut/Desktop/EPFL/BA6/CLP/Labs/group21-cs320/lab06/src/amyc/lsp/TextDocumentService.scala
2025.06.02 23:26:35 INFO  no build target found for /Users/romanbatut/Desktop/EPFL/BA6/CLP/Labs/group21-cs320/lab06/src/amyc/lsp/TextDocumentService.scala. Using presentation compiler with project's scala-library version: 3.3.6
2025.06.02 23:26:35 WARN  no build target for: /Users/romanbatut/Desktop/EPFL/BA6/CLP/Labs/group21-cs320/lab06/src/amyc/lsp/Text Document Service (5).scala
2025.06.02 23:26:35 INFO  no build target found for /Users/romanbatut/Desktop/EPFL/BA6/CLP/Labs/group21-cs320/lab06/src/amyc/lsp/Text Document Service (5).scala. Using presentation compiler with project's scala-library version: 3.3.6
2025.06.02 23:26:34 INFO  no build target found for /Users/romanbatut/Desktop/EPFL/BA6/CLP/Labs/group21-cs320/lab06/src/amyc/lsp/Text Document Service (5).scala. Using presentation compiler with project's scala-library version: 3.3.6
2025.06.02 23:26:35 INFO  no build target found for /Users/romanbatut/Desktop/EPFL/BA6/CLP/Labs/group21-cs320/lab06/src/amyc/lsp/Text Document Service (5).scala. Using presentation compiler with project's scala-library version: 3.3.6
2025.06.02 23:26:36 INFO  no build target found for /Users/romanbatut/Desktop/EPFL/BA6/CLP/Labs/group21-cs320/lab06/src/amyc/lsp/Text Document Service (5).scala. Using presentation compiler with project's scala-library version: 3.3.6
2025.06.02 23:26:36 WARN  no build target for: /Users/romanbatut/Desktop/EPFL/BA6/CLP/Labs/group21-cs320/lab06/src/amyc/lsp/TextDocumentService.scala
2025.06.02 23:26:36 INFO  no build target found for /Users/romanbatut/Desktop/EPFL/BA6/CLP/Labs/group21-cs320/lab06/src/amyc/lsp/TextDocumentService.scala. Using presentation compiler with project's scala-library version: 3.3.6
2025.06.02 23:26:36 INFO  no build target found for /Users/romanbatut/Desktop/EPFL/BA6/CLP/Labs/group21-cs320/lab06/src/amyc/lsp/TextDocumentService.scala. Using presentation compiler with project's scala-library version: 3.3.6
2025.06.02 23:26:36 INFO  no build target found for /Users/romanbatut/Desktop/EPFL/BA6/CLP/Labs/group21-cs320/lab06/src/amyc/lsp/TextDocumentService.scala. Using presentation compiler with project's scala-library version: 3.3.6
2025.06.02 23:33:01 INFO  no build target found for /Users/romanbatut/Desktop/EPFL/BA6/CLP/Labs/group21-cs320/lab06/src/amyc/lsp/Text Document Service (6).scala. Using presentation compiler with project's scala-library version: 3.3.6
2025.06.02 23:33:01 WARN  no build target for: /Users/romanbatut/Desktop/EPFL/BA6/CLP/Labs/group21-cs320/lab06/src/amyc/lsp/Text Document Service (6).scala
2025.06.02 23:33:01 INFO  no build target found for /Users/romanbatut/Desktop/EPFL/BA6/CLP/Labs/group21-cs320/lab06/src/amyc/lsp/Text Document Service (6).scala. Using presentation compiler with project's scala-library version: 3.3.6
2025.06.02 23:33:01 INFO  no build target found for /Users/romanbatut/Desktop/EPFL/BA6/CLP/Labs/group21-cs320/lab06/src/amyc/lsp/Text Document Service (6).scala. Using presentation compiler with project's scala-library version: 3.3.6
2025.06.02 23:33:01 INFO  no build target found for /Users/romanbatut/Desktop/EPFL/BA6/CLP/Labs/group21-cs320/lab06/src/amyc/lsp/Text Document Service (6).scala. Using presentation compiler with project's scala-library version: 3.3.6
2025.06.02 23:33:01 INFO  no build target found for /Users/romanbatut/Desktop/EPFL/BA6/CLP/Labs/group21-cs320/lab06/src/amyc/lsp/Text Document Service (6).scala. Using presentation compiler with project's scala-library version: 3.3.6
2025.06.02 23:33:02 INFO  no build target found for /Users/romanbatut/Desktop/EPFL/BA6/CLP/Labs/group21-cs320/lab06/src/amyc/lsp/Text Document Service (6).scala. Using presentation compiler with project's scala-library version: 3.3.6
2025.06.02 23:33:03 INFO  no build target found for /Users/romanbatut/Desktop/EPFL/BA6/CLP/Labs/group21-cs320/lab06/src/amyc/lsp/Text Document Service (6).scala. Using presentation compiler with project's scala-library version: 3.3.6
2025.06.02 23:33:02 INFO  no build target found for /Users/romanbatut/Desktop/EPFL/BA6/CLP/Labs/group21-cs320/lab06/src/amyc/lsp/Text Document Service (6).scala. Using presentation compiler with project's scala-library version: 3.3.6
2025.06.02 23:33:04 WARN  no build target for: /Users/romanbatut/Desktop/EPFL/BA6/CLP/Labs/group21-cs320/lab06/src/amyc/lsp/TextDocumentService.scala
2025.06.02 23:33:04 INFO  no build target found for /Users/romanbatut/Desktop/EPFL/BA6/CLP/Labs/group21-cs320/lab06/src/amyc/lsp/TextDocumentService.scala. Using presentation compiler with project's scala-library version: 3.3.6
2025.06.02 23:33:04 INFO  no build target found for /Users/romanbatut/Desktop/EPFL/BA6/CLP/Labs/group21-cs320/lab06/src/amyc/lsp/TextDocumentService.scala. Using presentation compiler with project's scala-library version: 3.3.6
2025.06.02 23:33:04 INFO  no build target found for /Users/romanbatut/Desktop/EPFL/BA6/CLP/Labs/group21-cs320/lab06/src/amyc/lsp/TextDocumentService.scala. Using presentation compiler with project's scala-library version: 3.3.6
2025.06.02 23:33:04 INFO  no build target found for /Users/romanbatut/Desktop/EPFL/BA6/CLP/Labs/group21-cs320/lab06/src/amyc/lsp/TextDocumentService.scala. Using presentation compiler with project's scala-library version: 3.3.6
2025.06.02 23:33:05 INFO  no build target found for /Users/romanbatut/Desktop/EPFL/BA6/CLP/Labs/group21-cs320/lab06/src/amyc/lsp/TextDocumentService.scala. Using presentation compiler with project's scala-library version: 3.3.6
2025.06.02 23:33:05 INFO  no build target found for /Users/romanbatut/Desktop/EPFL/BA6/CLP/Labs/group21-cs320/lab06/src/amyc/lsp/TextDocumentService.scala. Using presentation compiler with project's scala-library version: 3.3.6
2025.06.02 23:33:05 INFO  no build target found for /Users/romanbatut/Desktop/EPFL/BA6/CLP/Labs/group21-cs320/lab06/src/amyc/lsp/TextDocumentService.scala. Using presentation compiler with project's scala-library version: 3.3.6
2025.06.02 23:33:05 INFO  no build target found for /Users/romanbatut/Desktop/EPFL/BA6/CLP/Labs/group21-cs320/lab06/src/amyc/lsp/TextDocumentService.scala. Using presentation compiler with project's scala-library version: 3.3.6
2025.06.02 23:33:05 WARN  no build target for: /Users/romanbatut/Desktop/EPFL/BA6/CLP/Labs/group21-cs320/lab06/src/amyc/lsp/Text Document Service (6).scala
2025.06.02 23:33:05 INFO  no build target found for /Users/romanbatut/Desktop/EPFL/BA6/CLP/Labs/group21-cs320/lab06/src/amyc/lsp/Text Document Service (6).scala. Using presentation compiler with project's scala-library version: 3.3.6
2025.06.02 23:33:06 INFO  no build target found for /Users/romanbatut/Desktop/EPFL/BA6/CLP/Labs/group21-cs320/lab06/src/amyc/lsp/Text Document Service (6).scala. Using presentation compiler with project's scala-library version: 3.3.6
2025.06.02 23:33:06 WARN  no build target for: /Users/romanbatut/Desktop/EPFL/BA6/CLP/Labs/group21-cs320/lab06/src/amyc/lsp/TextDocumentService.scala
2025.06.02 23:33:06 INFO  no build target found for /Users/romanbatut/Desktop/EPFL/BA6/CLP/Labs/group21-cs320/lab06/src/amyc/lsp/Text Document Service (6).scala. Using presentation compiler with project's scala-library version: 3.3.6
2025.06.02 23:33:06 INFO  no build target found for /Users/romanbatut/Desktop/EPFL/BA6/CLP/Labs/group21-cs320/lab06/src/amyc/lsp/Text Document Service (6).scala. Using presentation compiler with project's scala-library version: 3.3.6
2025.06.02 23:33:06 INFO  no build target found for /Users/romanbatut/Desktop/EPFL/BA6/CLP/Labs/group21-cs320/lab06/src/amyc/lsp/Text Document Service (6).scala. Using presentation compiler with project's scala-library version: 3.3.6
2025.06.02 23:33:06 WARN  no build target for: /Users/romanbatut/Desktop/EPFL/BA6/CLP/Labs/group21-cs320/lab06/src/amyc/lsp/TextDocumentService.scala
2025.06.02 23:33:06 INFO  no build target found for /Users/romanbatut/Desktop/EPFL/BA6/CLP/Labs/group21-cs320/lab06/src/amyc/lsp/TextDocumentService.scala. Using presentation compiler with project's scala-library version: 3.3.6
2025.06.02 23:33:06 INFO  no build target found for /Users/romanbatut/Desktop/EPFL/BA6/CLP/Labs/group21-cs320/lab06/src/amyc/lsp/TextDocumentService.scala. Using presentation compiler with project's scala-library version: 3.3.6
2025.06.02 23:33:06 INFO  no build target found for /Users/romanbatut/Desktop/EPFL/BA6/CLP/Labs/group21-cs320/lab06/src/amyc/lsp/TextDocumentService.scala. Using presentation compiler with project's scala-library version: 3.3.6
2025.06.02 23:36:29 WARN  no build target for: /Users/romanbatut/Desktop/EPFL/BA6/CLP/Labs/group21-cs320/lab06/src/amyc/lsp/TextDocumentService.scala
2025.06.02 23:36:29 INFO  no build target found for /Users/romanbatut/Desktop/EPFL/BA6/CLP/Labs/group21-cs320/lab06/src/amyc/lsp/TextDocumentService.scala. Using presentation compiler with project's scala-library version: 3.3.6
2025.06.02 23:36:29 INFO  no build target found for /Users/romanbatut/Desktop/EPFL/BA6/CLP/Labs/group21-cs320/lab06/src/amyc/lsp/TextDocumentService.scala. Using presentation compiler with project's scala-library version: 3.3.6
2025.06.02 23:36:29 INFO  no build target found for /Users/romanbatut/Desktop/EPFL/BA6/CLP/Labs/group21-cs320/lab06/src/amyc/lsp/TextDocumentService.scala. Using presentation compiler with project's scala-library version: 3.3.6
2025.06.02 23:36:33 INFO  no build target found for /Users/romanbatut/Desktop/EPFL/BA6/CLP/Labs/group21-cs320/lab06/src/amyc/lsp/TextDocumentService.scala. Using presentation compiler with project's scala-library version: 3.3.6
